<?xml version="1.0" encoding="UTF-8"?>
<!-- Generated by org.testng.reporters.JUnitReportReporter -->
<testsuite hostname="LTIN217455" failures="0" tests="2" name="testCases.TC002_homeLoan" time="0.000" errors="0" timestamp="2024-03-04T17:51:21 IST" skipped="2">
  <testcase classname="testCases.TC002_homeLoan" name="HomeLoanTable" time="0.000">
    <skipped/>
  </testcase> <!-- HomeLoanTable -->
  <testcase classname="testCases.TC002_homeLoan" name="NavigateToLoanCalculators" time="0.000">
    <skipped/>
  </testcase> <!-- NavigateToLoanCalculators -->
</testsuite> <!-- testCases.TC002_homeLoan -->
