<?xml version="1.0" encoding="UTF-8"?>
<!-- Generated by org.testng.reporters.JUnitReportReporter -->
<testsuite hostname="LTIN217455" failures="0" tests="12" name="testCases.TC004_LoanAmountCalc" time="0.000" errors="0" timestamp="2024-03-04T17:51:21 IST" skipped="12">
  <testcase classname="testCases.TC004_LoanAmountCalc" name="validateEMISlider" time="0.000">
    <skipped/>
  </testcase> <!-- validateEMISlider -->
  <testcase classname="testCases.TC004_LoanAmountCalc" name="validateEMIUnit" time="0.000">
    <skipped/>
  </testcase> <!-- validateEMIUnit -->
  <testcase classname="testCases.TC004_LoanAmountCalc" name="validateEMIscale" time="0.000">
    <skipped/>
  </testcase> <!-- validateEMIscale -->
  <testcase classname="testCases.TC004_LoanAmountCalc" name="validateInterestSlider" time="0.000">
    <skipped/>
  </testcase> <!-- validateInterestSlider -->
  <testcase classname="testCases.TC004_LoanAmountCalc" name="validateInterestUnit" time="0.000">
    <skipped/>
  </testcase> <!-- validateInterestUnit -->
  <testcase classname="testCases.TC004_LoanAmountCalc" name="validateInterestscale" time="0.000">
    <skipped/>
  </testcase> <!-- validateInterestscale -->
  <testcase classname="testCases.TC004_LoanAmountCalc" name="validateTenureSlider" time="0.000">
    <skipped/>
  </testcase> <!-- validateTenureSlider -->
  <testcase classname="testCases.TC004_LoanAmountCalc" name="validateTenurescale" time="0.000">
    <skipped/>
  </testcase> <!-- validateTenurescale -->
  <testcase classname="testCases.TC004_LoanAmountCalc" name="validatefncSlider" time="0.000">
    <skipped/>
  </testcase> <!-- validatefncSlider -->
  <testcase classname="testCases.TC004_LoanAmountCalc" name="validatefncUnit" time="0.000">
    <skipped/>
  </testcase> <!-- validatefncUnit -->
  <testcase classname="testCases.TC004_LoanAmountCalc" name="validatefncscale" time="0.000">
    <skipped/>
  </testcase> <!-- validatefncscale -->
  <testcase classname="testCases.TC004_LoanAmountCalc" name="clickOnloanTenureCalcBtn" time="0.000">
    <skipped/>
  </testcase> <!-- clickOnloanTenureCalcBtn -->
</testsuite> <!-- testCases.TC004_LoanAmountCalc -->
