<?xml version="1.0" encoding="UTF-8"?>
<!-- Generated by org.testng.reporters.JUnitReportReporter -->
<testsuite hostname="LTIN217455" failures="0" tests="13" name="testCases.TC003_EMICalc" time="0.004" errors="0" timestamp="2024-03-04T17:51:20 IST" skipped="13">
  <testcase classname="testCases.TC003_EMICalc" name="clickOnLoanCalBtn" time="0.001">
    <skipped/>
  </testcase> <!-- clickOnLoanCalBtn -->
  <testcase classname="testCases.TC003_EMICalc" name="validateAmountSlider" time="0.000">
    <skipped/>
  </testcase> <!-- validateAmountSlider -->
  <testcase classname="testCases.TC003_EMICalc" name="validateAmountUnit" time="0.000">
    <skipped/>
  </testcase> <!-- validateAmountUnit -->
  <testcase classname="testCases.TC003_EMICalc" name="validateAmountscale" time="0.000">
    <skipped/>
  </testcase> <!-- validateAmountscale -->
  <testcase classname="testCases.TC003_EMICalc" name="validateInterestSlider" time="0.000">
    <skipped/>
  </testcase> <!-- validateInterestSlider -->
  <testcase classname="testCases.TC003_EMICalc" name="validateInterestUnit" time="0.000">
    <skipped/>
  </testcase> <!-- validateInterestUnit -->
  <testcase classname="testCases.TC003_EMICalc" name="validateInterestscale" time="0.001">
    <skipped/>
  </testcase> <!-- validateInterestscale -->
  <testcase classname="testCases.TC003_EMICalc" name="validateTenureSlider" time="0.001">
    <skipped/>
  </testcase> <!-- validateTenureSlider -->
  <testcase classname="testCases.TC003_EMICalc" name="validateTenurescale" time="0.000">
    <skipped/>
  </testcase> <!-- validateTenurescale -->
  <testcase classname="testCases.TC003_EMICalc" name="validatefncSlider" time="0.000">
    <skipped/>
  </testcase> <!-- validatefncSlider -->
  <testcase classname="testCases.TC003_EMICalc" name="validatefncUnit" time="0.001">
    <skipped/>
  </testcase> <!-- validatefncUnit -->
  <testcase classname="testCases.TC003_EMICalc" name="validatefncscale" time="0.000">
    <skipped/>
  </testcase> <!-- validatefncscale -->
  <testcase classname="testCases.TC003_EMICalc" name="clickOnLoanAmtCalcBtn" time="0.000">
    <skipped/>
  </testcase> <!-- clickOnLoanAmtCalcBtn -->
</testsuite> <!-- testCases.TC003_EMICalc -->
