<?xml version="1.0" encoding="UTF-8"?>
<!-- Generated by org.testng.reporters.JUnitReportReporter -->
<testsuite hostname="LTIN217455" failures="0" tests="12" name="testCases.TC005_LoanTenureCalc" time="0.001" errors="0" timestamp="2024-03-04T17:51:20 IST" skipped="12">
  <testcase classname="testCases.TC005_LoanTenureCalc" name="validateAmountSlider" time="0.000">
    <skipped/>
  </testcase> <!-- validateAmountSlider -->
  <testcase classname="testCases.TC005_LoanTenureCalc" name="validateAmountUnit" time="0.000">
    <skipped/>
  </testcase> <!-- validateAmountUnit -->
  <testcase classname="testCases.TC005_LoanTenureCalc" name="validateAmountscale" time="0.000">
    <skipped/>
  </testcase> <!-- validateAmountscale -->
  <testcase classname="testCases.TC005_LoanTenureCalc" name="validateEMIUnit" time="0.000">
    <skipped/>
  </testcase> <!-- validateEMIUnit -->
  <testcase classname="testCases.TC005_LoanTenureCalc" name="validateEMIscale" time="0.000">
    <skipped/>
  </testcase> <!-- validateEMIscale -->
  <testcase classname="testCases.TC005_LoanTenureCalc" name="validateInterestSlider" time="0.000">
    <skipped/>
  </testcase> <!-- validateInterestSlider -->
  <testcase classname="testCases.TC005_LoanTenureCalc" name="validateInterestUnit" time="0.001">
    <skipped/>
  </testcase> <!-- validateInterestUnit -->
  <testcase classname="testCases.TC005_LoanTenureCalc" name="validateInterestscale" time="0.000">
    <skipped/>
  </testcase> <!-- validateInterestscale -->
  <testcase classname="testCases.TC005_LoanTenureCalc" name="validatefncSlider" time="0.000">
    <skipped/>
  </testcase> <!-- validatefncSlider -->
  <testcase classname="testCases.TC005_LoanTenureCalc" name="validateEMISlider" time="0.000">
    <skipped/>
  </testcase> <!-- validateEMISlider -->
  <testcase classname="testCases.TC005_LoanTenureCalc" name="validatefncUnit" time="0.000">
    <skipped/>
  </testcase> <!-- validatefncUnit -->
  <testcase classname="testCases.TC005_LoanTenureCalc" name="validatefncscale" time="0.000">
    <skipped/>
  </testcase> <!-- validatefncscale -->
</testsuite> <!-- testCases.TC005_LoanTenureCalc -->
