<?xml version="1.0" encoding="UTF-8"?>
<!-- Generated by org.testng.reporters.JUnitReportReporter -->
<testsuite hostname="LTIN217455" failures="0" tests="1" name="testCases.TC001_emiCalculator" time="2.430" errors="0" timestamp="2024-02-19T10:55:43 IST" skipped="0">
  <testcase classname="testCases.TC001_emiCalculator" name="emiCalculator" time="2.430"/>
  <system-out/>
</testsuite> <!-- testCases.TC001_emiCalculator -->
