<?xml version="1.0" encoding="UTF-8"?>
<!-- Generated by org.testng.reporters.JUnitReportReporter -->
<testsuite hostname="LTIN217455" failures="0" tests="13" name="testCases.TC003_LoanCalc" time="6.489" errors="0" timestamp="2024-02-25T21:31:00 IST" skipped="0">
  <testcase classname="testCases.TC003_LoanCalc" name="clickOnLoanCalBtn" time="0.110"/>
  <testcase classname="testCases.TC003_LoanCalc" name="validateAmountSlider" time="1.277"/>
  <testcase classname="testCases.TC003_LoanCalc" name="validateAmountUnit" time="0.043"/>
  <testcase classname="testCases.TC003_LoanCalc" name="validateAmountscale" time="0.220"/>
  <testcase classname="testCases.TC003_LoanCalc" name="validateInterestSlider" time="1.252"/>
  <testcase classname="testCases.TC003_LoanCalc" name="validateInterestUnit" time="0.043"/>
  <testcase classname="testCases.TC003_LoanCalc" name="validateInterestscale" time="0.214"/>
  <testcase classname="testCases.TC003_LoanCalc" name="validateTenureSlider" time="1.226"/>
  <testcase classname="testCases.TC003_LoanCalc" name="validateTenurescale" time="0.558"/>
  <testcase classname="testCases.TC003_LoanCalc" name="validatefncSlider" time="1.264"/>
  <testcase classname="testCases.TC003_LoanCalc" name="validatefncUnit" time="0.035"/>
  <testcase classname="testCases.TC003_LoanCalc" name="validatefncscale" time="0.131"/>
  <testcase classname="testCases.TC003_LoanCalc" name="clickOnLoanAmtCalcBtn" time="0.116"/>
</testsuite> <!-- testCases.TC003_LoanCalc -->
