<?xml version="1.0" encoding="UTF-8"?>
<!-- Generated by org.testng.reporters.JUnitReportReporter -->
<testsuite hostname="LTIN217455" failures="0" tests="12" name="testCases.TC005_LoanTenureCalc" time="6.079" errors="0" timestamp="2024-03-05T10:53:12 IST" skipped="0">
  <testcase classname="testCases.TC005_LoanTenureCalc" name="validateAmountSlider" time="1.562"/>
  <testcase classname="testCases.TC005_LoanTenureCalc" name="validateAmountUnit" time="0.047"/>
  <testcase classname="testCases.TC005_LoanTenureCalc" name="validateAmountscale" time="0.045"/>
  <testcase classname="testCases.TC005_LoanTenureCalc" name="validateEMIUnit" time="0.039"/>
  <testcase classname="testCases.TC005_LoanTenureCalc" name="validateEMIscale" time="0.037"/>
  <testcase classname="testCases.TC005_LoanTenureCalc" name="validateInterestSlider" time="1.477"/>
  <testcase classname="testCases.TC005_LoanTenureCalc" name="validateInterestUnit" time="0.062"/>
  <testcase classname="testCases.TC005_LoanTenureCalc" name="validateInterestscale" time="0.048"/>
  <testcase classname="testCases.TC005_LoanTenureCalc" name="validatefncSlider" time="1.296"/>
  <testcase classname="testCases.TC005_LoanTenureCalc" name="validateEMISlider" time="1.337"/>
  <testcase classname="testCases.TC005_LoanTenureCalc" name="validatefncUnit" time="0.048"/>
  <testcase classname="testCases.TC005_LoanTenureCalc" name="validatefncscale" time="0.081"/>
</testsuite> <!-- testCases.TC005_LoanTenureCalc -->
