<?xml version="1.0" encoding="UTF-8"?>
<!-- Generated by org.testng.reporters.JUnitReportReporter -->
<testsuite hostname="LTIN217455" failures="0" tests="12" name="testCases.TC004_LoanAmountCalc" time="6.445" errors="0" timestamp="2024-03-05T10:53:12 IST" skipped="0">
  <testcase classname="testCases.TC004_LoanAmountCalc" name="validateEMISlider" time="1.928"/>
  <testcase classname="testCases.TC004_LoanAmountCalc" name="validateEMIUnit" time="0.049"/>
  <testcase classname="testCases.TC004_LoanAmountCalc" name="validateEMIscale" time="0.061"/>
  <testcase classname="testCases.TC004_LoanAmountCalc" name="validateInterestSlider" time="1.359"/>
  <testcase classname="testCases.TC004_LoanAmountCalc" name="validateInterestUnit" time="0.042"/>
  <testcase classname="testCases.TC004_LoanAmountCalc" name="validateInterestscale" time="0.049"/>
  <testcase classname="testCases.TC004_LoanAmountCalc" name="validateTenureSlider" time="1.276"/>
  <testcase classname="testCases.TC004_LoanAmountCalc" name="validateTenurescale" time="0.033"/>
  <testcase classname="testCases.TC004_LoanAmountCalc" name="validatefncSlider" time="1.229"/>
  <testcase classname="testCases.TC004_LoanAmountCalc" name="validatefncUnit" time="0.047"/>
  <testcase classname="testCases.TC004_LoanAmountCalc" name="validatefncscale" time="0.049"/>
  <testcase classname="testCases.TC004_LoanAmountCalc" name="clickOnloanTenureCalcBtn" time="0.323"/>
</testsuite> <!-- testCases.TC004_LoanAmountCalc -->
