<?xml version="1.0" encoding="UTF-8"?>
<!-- Generated by org.testng.reporters.JUnitReportReporter -->
<testsuite hostname="LTIN217455" failures="0" tests="13" name="testCases.TC003_EMICalc" time="7.644" errors="0" timestamp="2024-03-05T10:53:12 IST" skipped="0">
  <testcase classname="testCases.TC003_EMICalc" name="clickOnLoanCalBtn" time="0.162"/>
  <testcase classname="testCases.TC003_EMICalc" name="validateAmountSlider" time="1.258"/>
  <testcase classname="testCases.TC003_EMICalc" name="validateAmountUnit" time="0.053"/>
  <testcase classname="testCases.TC003_EMICalc" name="validateAmountscale" time="0.235"/>
  <testcase classname="testCases.TC003_EMICalc" name="validateInterestSlider" time="1.323"/>
  <testcase classname="testCases.TC003_EMICalc" name="validateInterestUnit" time="0.039"/>
  <testcase classname="testCases.TC003_EMICalc" name="validateInterestscale" time="0.237"/>
  <testcase classname="testCases.TC003_EMICalc" name="validateTenureSlider" time="1.309"/>
  <testcase classname="testCases.TC003_EMICalc" name="validateTenurescale" time="0.958"/>
  <testcase classname="testCases.TC003_EMICalc" name="validatefncSlider" time="1.347"/>
  <testcase classname="testCases.TC003_EMICalc" name="validatefncUnit" time="0.105"/>
  <testcase classname="testCases.TC003_EMICalc" name="validatefncscale" time="0.225"/>
  <testcase classname="testCases.TC003_EMICalc" name="clickOnLoanAmtCalcBtn" time="0.393"/>
</testsuite> <!-- testCases.TC003_EMICalc -->
