<?xml version="1.0" encoding="UTF-8"?>
<!-- Generated by org.testng.reporters.JUnitReportReporter -->
<testsuite hostname="LTIN217455" failures="0" tests="11" name="testCases.TC001_carLoan" time="13.440" errors="0" timestamp="2024-03-05T10:53:12 IST" skipped="0">
  <testcase classname="testCases.TC001_carLoan" name="clickOnCarLoanBtn" time="0.848"/>
  <testcase classname="testCases.TC001_carLoan" name="LoanAmount" time="0.799"/>
  <testcase classname="testCases.TC001_carLoan" name="LoanInt" time="0.655"/>
  <testcase classname="testCases.TC001_carLoan" name="LoanTenure" time="0.613"/>
  <testcase classname="testCases.TC001_carLoan" name="emiAdvance" time="0.318"/>
  <testcase classname="testCases.TC001_carLoan" name="yearTableAdv" time="3.301"/>
  <testcase classname="testCases.TC001_carLoan" name="pri_int_adv" time="0.172"/>
  <testcase classname="testCases.TC001_carLoan" name="emiArrears" time="0.212"/>
  <testcase classname="testCases.TC001_carLoan" name="yearTableArr" time="3.285"/>
  <testcase classname="testCases.TC001_carLoan" name="pri_int_arr" time="0.160"/>
  <testcase classname="testCases.TC001_carLoan" name="navToHomeLoanCalc" time="3.077"/>
</testsuite> <!-- testCases.TC001_carLoan -->
