<?xml version="1.0" encoding="UTF-8"?>
<!-- Generated by org.testng.reporters.JUnitReportReporter -->
<testsuite hostname="LTIN217455" failures="0" tests="2" name="testCases.TC002_homeLoan" time="32.453" errors="0" timestamp="2024-03-05T10:53:12 IST" skipped="0">
  <testcase classname="testCases.TC002_homeLoan" name="HomeLoanTable" time="29.083"/>
  <testcase classname="testCases.TC002_homeLoan" name="NavigateToLoanCalculators" time="3.370"/>
</testsuite> <!-- testCases.TC002_homeLoan -->
